[    0.000000] Linux version 4.15.0-193-generic (buildd@lcy02-amd64-022) (gcc version 7.5.0 (Ubuntu 7.5.0-3ubuntu1~18.04)) #204-Ubuntu SMP Fri Aug 26 19:20:21 UTC 2022 (Ubuntu 4.15.0-193.204-generic 4.15.18)
[    0.000000] Command line: BOOT_IMAGE=/boot/vmlinuz-4.15.0-193-generic root=UUID=ceef48b4-cdab-4e8e-9da5-50b9e7caf9df ro console=tty1 console=ttyS0
[    0.000000] KERNEL supported cpus:
[    0.000000]   Intel GenuineIntel
[    0.000000]   AMD AuthenticAMD
[    0.000000]   Centaur CentaurHauls
[    0.000000] x86/fpu: x87 FPU will use FXSAVE
[    0.000000] e820: BIOS-provided physical RAM map:
[    0.000000] BIOS-e820: [mem 0x0000000000000000-0x000000000009fbff] usable
[    0.000000] BIOS-e820: [mem 0x000000000009fc00-0x000000000009ffff] reserved
[    0.000000] BIOS-e820: [mem 0x00000000000f0000-0x00000000000fffff] reserved
[    0.000000] BIOS-e820: [mem 0x0000000000100000-0x000000003ffeffff] usable
[    0.000000] BIOS-e820: [mem 0x000000003fff0000-0x000000003fffffff] ACPI data
[    0.000000] BIOS-e820: [mem 0x00000000fec00000-0x00000000fec00fff] reserved
[    0.000000] BIOS-e820: [mem 0x00000000fee00000-0x00000000fee00fff] reserved
[    0.000000] BIOS-e820: [mem 0x00000000fffc0000-0x00000000ffffffff] reserved
[    0.000000] NX (Execute Disable) protection: active
[    0.000000] SMBIOS 2.5 present.
[    0.000000] DMI: innotek GmbH VirtualBox/VirtualBox, BIOS VirtualBox 12/01/2006
[    0.000000] Hypervisor detected: KVM
[    0.000000] e820: last_pfn = 0x3fff0 max_arch_pfn = 0x400000000
[    0.000000] MTRR: Disabled
[    0.000000] x86/PAT: MTRRs disabled, skipping PAT initialization too.
[    0.000000] CPU MTRRs all blank - virtualized system.
[    0.000000] x86/PAT: Configuration [0-7]: WB  WT  UC- UC  WB  WT  UC- UC  
[    0.000000] found SMP MP-table at [mem 0x0009fff0-0x0009ffff]
[    0.000000] Scanning 1 areas for low memory corruption
[    0.000000] RAMDISK: [mem 0x3581d000-0x36c05fff]
[    0.000000] ACPI: Early table checksum verification disabled
[    0.000000] ACPI: RSDP 0x00000000000E0000 000024 (v02 VBOX  )
[    0.000000] ACPI: XSDT 0x000000003FFF0030 00003C (v01 VBOX   VBOXXSDT 00000001 ASL  00000061)
[    0.000000] ACPI: FACP 0x000000003FFF00F0 0000F4 (v04 VBOX   VBOXFACP 00000001 ASL  00000061)
[    0.000000] ACPI: DSDT 0x000000003FFF0470 002325 (v02 VBOX   VBOXBIOS 00000002 INTL 20100528)
[    0.000000] ACPI: FACS 0x000000003FFF0200 000040
[    0.000000] ACPI: FACS 0x000000003FFF0200 000040
[    0.000000] ACPI: APIC 0x000000003FFF0240 00005C (v02 VBOX   VBOXAPIC 00000001 ASL  00000061)
[    0.000000] ACPI: SSDT 0x000000003FFF02A0 0001CC (v01 VBOX   VBOXCPUT 00000002 INTL 20100528)
[    0.000000] ACPI: Reserving FACP table memory at [mem 0x3fff00f0-0x3fff01e3]
[    0.000000] ACPI: Reserving DSDT table memory at [mem 0x3fff0470-0x3fff2794]
[    0.000000] ACPI: Reserving FACS table memory at [mem 0x3fff0200-0x3fff023f]
[    0.000000] ACPI: Reserving FACS table memory at [mem 0x3fff0200-0x3fff023f]
[    0.000000] ACPI: Reserving APIC table memory at [mem 0x3fff0240-0x3fff029b]
[    0.000000] ACPI: Reserving SSDT table memory at [mem 0x3fff02a0-0x3fff046b]
[    0.000000] No NUMA configuration found
[    0.000000] Faking a node at [mem 0x0000000000000000-0x000000003ffeffff]
[    0.000000] NODE_DATA(0) allocated [mem 0x3ffc5000-0x3ffeffff]
[    0.000000] kvm-clock: cpu 0, msr 0:3ff44001, primary cpu clock
[    0.000000] kvm-clock: Using msrs 4b564d01 and 4b564d00
[    0.000000] kvm-clock: using sched offset of 7803876842 cycles
[    0.000000] clocksource: kvm-clock: mask: 0xffffffffffffffff max_cycles: 0x1cd42e4dffb, max_idle_ns: 881590591483 ns
[    0.000000] Zone ranges:
[    0.000000]   DMA      [mem 0x0000000000001000-0x0000000000ffffff]
[    0.000000]   DMA32    [mem 0x0000000001000000-0x000000003ffeffff]
[    0.000000]   Normal   empty
[    0.000000]   Device   empty
[    0.000000] Movable zone start for each node
[    0.000000] Early memory node ranges
[    0.000000]   node   0: [mem 0x0000000000001000-0x000000000009efff]
[    0.000000]   node   0: [mem 0x0000000000100000-0x000000003ffeffff]
[    0.000000] Reserved but unavailable: 104 pages
[    0.000000] Initmem setup node 0 [mem 0x0000000000001000-0x000000003ffeffff]
[    0.000000] ACPI: PM-Timer IO Port: 0x4008
[    0.000000] IOAPIC[0]: apic_id 2, version 32, address 0xfec00000, GSI 0-23
[    0.000000] ACPI: INT_SRC_OVR (bus 0 bus_irq 0 global_irq 2 dfl dfl)
[    0.000000] ACPI: INT_SRC_OVR (bus 0 bus_irq 9 global_irq 9 low level)
[    0.000000] Using ACPI (MADT) for SMP configuration information
[    0.000000] smpboot: Allowing 2 CPUs, 0 hotplug CPUs
[    0.000000] PM: Registered nosave memory: [mem 0x00000000-0x00000fff]
[    0.000000] PM: Registered nosave memory: [mem 0x0009f000-0x0009ffff]
[    0.000000] PM: Registered nosave memory: [mem 0x000a0000-0x000effff]
[    0.000000] PM: Registered nosave memory: [mem 0x000f0000-0x000fffff]
[    0.000000] e820: [mem 0x40000000-0xfebfffff] available for PCI devices
[    0.000000] Booting paravirtualized kernel on KVM
[    0.000000] clocksource: refined-jiffies: mask: 0xffffffff max_cycles: 0xffffffff, max_idle_ns: 7645519600211568 ns
[    0.000000] random: get_random_bytes called from start_kernel+0x99/0x500 with crng_init=0
[    0.000000] setup_percpu: NR_CPUS:8192 nr_cpumask_bits:2 nr_cpu_ids:2 nr_node_ids:1
[    0.000000] percpu: Embedded 50 pages/cpu s167936 r8192 d28672 u1048576
[    0.000000] PV qspinlock hash table entries: 256 (order: 0, 4096 bytes)
[    0.000000] Built 1 zonelists, mobility grouping on.  Total pages: 257913
[    0.000000] Policy zone: DMA32
[    0.000000] Kernel command line: BOOT_IMAGE=/boot/vmlinuz-4.15.0-193-generic root=UUID=ceef48b4-cdab-4e8e-9da5-50b9e7caf9df ro console=tty1 console=ttyS0
[    0.000000] Memory: 981788K/1048120K available (12300K kernel code, 2484K rwdata, 4324K rodata, 2468K init, 2724K bss, 66332K reserved, 0K cma-reserved)
[    0.000000] SLUB: HWalign=64, Order=0-3, MinObjects=0, CPUs=2, Nodes=1
[    0.000000] ftrace: allocating 39483 entries in 155 pages
[    0.004000] Hierarchical RCU implementation.
[    0.004000] 	RCU restricting CPUs from NR_CPUS=8192 to nr_cpu_ids=2.
[    0.004000] 	Tasks RCU enabled.
[    0.004000] RCU: Adjusting geometry for rcu_fanout_leaf=16, nr_cpu_ids=2
[    0.004000] NR_IRQS: 524544, nr_irqs: 440, preallocated irqs: 16
[    0.004000] Console: colour VGA+ 80x25
[    0.004000] console [tty1] enabled
[    0.004000] console [ttyS0] enabled
[    0.004000] ACPI: Core revision 20170831
[    0.004000] ACPI: 2 ACPI AML tables successfully acquired and loaded
[    0.004000] APIC: Switch to symmetric I/O mode setup
[    0.004000] ..TIMER: vector=0x30 apic1=0 pin1=2 apic2=-1 pin2=-1
[    0.008013] tsc: Detected 1497.604 MHz processor
[    0.012030] Calibrating delay loop (skipped) preset value.. 2995.20 BogoMIPS (lpj=5990416)
[    0.016019] pid_max: default: 32768 minimum: 301
[    0.020126] Security Framework initialized
[    0.024014] Yama: becoming mindful.
[    0.028254] AppArmor: AppArmor initialized
[    0.038651] Dentry cache hash table entries: 131072 (order: 8, 1048576 bytes)
[    0.046070] Inode-cache hash table entries: 65536 (order: 7, 524288 bytes)
[    0.048264] Mount-cache hash table entries: 2048 (order: 2, 16384 bytes)
[    0.052280] Mountpoint-cache hash table entries: 2048 (order: 2, 16384 bytes)
[    0.065098] Last level iTLB entries: 4KB 0, 2MB 0, 4MB 0
[    0.068010] Last level dTLB entries: 4KB 0, 2MB 0, 4MB 0, 1GB 0
[    0.072015] Spectre V1 : Mitigation: usercopy/swapgs barriers and __user pointer sanitization
[    0.076011] Spectre V2 : Mitigation: Enhanced IBRS
[    0.080009] Spectre V2 : Spectre v2 / SpectreRSB mitigation: Filling RSB on context switch
[    0.084011] Speculative Store Bypass: Vulnerable
[    0.088227] MMIO Stale Data: Vulnerable: Clear CPU buffers attempted, no microcode
[    0.092499] Freeing SMP alternatives memory: 36K
[    0.217659] smpboot: CPU0: Intel(R) Core(TM) i5-1035G4 CPU @ 1.10GHz (family: 0x6, model: 0x7e, stepping: 0x5)
[    0.224631] Performance Events: unsupported p6 CPU model 126 no PMU driver, software events only.
[    0.228578] Hierarchical SRCU implementation.
[    0.234775] NMI watchdog: Perf event create on CPU 0 failed with -2
[    0.236009] NMI watchdog: Perf NMI watchdog permanently disabled
[    0.244679] smp: Bringing up secondary CPUs ...
[    0.255306] x86: Booting SMP configuration:
[    0.256010] .... node  #0, CPUs:      #1
[    0.004000] kvm-clock: cpu 1, msr 0:3ff44041, secondary cpu clock
[    0.300354] smp: Brought up 1 node, 2 CPUs
[    0.304018] smpboot: Max logical packages: 1
[    0.308015] smpboot: Total of 2 processors activated (5990.41 BogoMIPS)
[    0.320045] devtmpfs: initialized
[    0.324338] x86/mm: Memory block size: 128MB
[    0.329288] evm: security.selinux
[    0.332009] evm: security.SMACK64
[    0.336008] evm: security.SMACK64EXEC
[    0.340009] evm: security.SMACK64TRANSMUTE
[    0.344009] evm: security.SMACK64MMAP
[    0.348042] evm: security.apparmor
[    0.352009] evm: security.ima
[    0.356009] evm: security.capability
[    0.368263] clocksource: jiffies: mask: 0xffffffff max_cycles: 0xffffffff, max_idle_ns: 7645041785100000 ns
[    0.372056] futex hash table entries: 512 (order: 3, 32768 bytes)
[    0.376239] pinctrl core: initialized pinctrl subsystem
[    0.384011] RTC time: 23:27:19, date: 11/05/22
[    0.392204] NET: Registered protocol family 16
[    0.396432] audit: initializing netlink subsys (disabled)
[    0.404446] audit: type=2000 audit(1667690846.289:1): state=initialized audit_enabled=0 res=1
[    0.436102] cpuidle: using governor ladder
[    0.440371] cpuidle: using governor menu
[    0.448178] ACPI: bus type PCI registered
[    0.452017] acpiphp: ACPI Hot Plug PCI Controller Driver version: 0.5
[    0.458038] PCI: Using configuration type 1 for base access
[    0.476787] HugeTLB registered 2.00 MiB page size, pre-allocated 0 pages
[    0.493014] ACPI: Added _OSI(Module Device)
[    0.496013] ACPI: Added _OSI(Processor Device)
[    0.500035] ACPI: Added _OSI(3.0 _SCP Extensions)
[    0.504012] ACPI: Added _OSI(Processor Aggregator Device)
[    0.508020] ACPI: Added _OSI(Linux-Dell-Video)
[    0.512016] ACPI: Added _OSI(Linux-Lenovo-NV-HDMI-Audio)
[    0.516012] ACPI: Added _OSI(Linux-HPI-Hybrid-Graphics)
[    0.526537] ACPI: Executed 1 blocks of module-level executable AML code
[    0.544640] ACPI: Interpreter enabled
[    0.548057] ACPI: (supports S0 S5)
[    0.552011] ACPI: Using IOAPIC for interrupt routing
[    0.557688] PCI: Using host bridge windows from ACPI; if necessary, use "pci=nocrs" and report a bug
[    0.560924] ACPI: Enabled 2 GPEs in block 00 to 07
[    0.602122] ACPI: PCI Root Bridge [PCI0] (domain 0000 [bus 00-ff])
[    0.604025] acpi PNP0A03:00: _OSC: OS supports [ASPM ClockPM Segments MSI]
[    0.610749] acpi PNP0A03:00: _OSC: not requesting OS control; OS requires [ExtendedConfig ASPM ClockPM MSI]
[    0.612040] acpi PNP0A03:00: fail to add MMCONFIG information, can't access extended PCI configuration space under this bridge.
[    0.618748] PCI host bridge to bus 0000:00
[    0.620016] pci_bus 0000:00: root bus resource [io  0x0000-0x0cf7 window]
[    0.624020] pci_bus 0000:00: root bus resource [io  0x0d00-0xffff window]
[    0.628014] pci_bus 0000:00: root bus resource [mem 0x000a0000-0x000bffff window]
[    0.632013] pci_bus 0000:00: root bus resource [mem 0x40000000-0xfdffffff window]
[    0.636017] pci_bus 0000:00: root bus resource [bus 00-ff]
[    0.670671] pci 0000:00:01.1: legacy IDE quirk: reg 0x10: [io  0x01f0-0x01f7]
[    0.672013] pci 0000:00:01.1: legacy IDE quirk: reg 0x14: [io  0x03f6]
[    0.676017] pci 0000:00:01.1: legacy IDE quirk: reg 0x18: [io  0x0170-0x0177]
[    0.680013] pci 0000:00:01.1: legacy IDE quirk: reg 0x1c: [io  0x0376]
[    0.765268] pci 0000:00:07.0: quirk: [io  0x4000-0x403f] claimed by PIIX4 ACPI
[    0.768157] pci 0000:00:07.0: quirk: [io  0x4100-0x410f] claimed by PIIX4 SMB
[    0.799508] ACPI: PCI Interrupt Link [LNKA] (IRQs 5 9 10 *11)
[    0.804409] ACPI: PCI Interrupt Link [LNKB] (IRQs 5 9 *10 11)
[    0.812060] ACPI: PCI Interrupt Link [LNKC] (IRQs 5 *9 10 11)
[    0.816836] ACPI: PCI Interrupt Link [LNKD] (IRQs 5 9 10 *11)
[    0.825129] SCSI subsystem initialized
[    0.833872] pci 0000:00:02.0: vgaarb: setting as boot VGA device
[    0.836000] pci 0000:00:02.0: vgaarb: VGA device added: decodes=io+mem,owns=io+mem,locks=none
[    0.836022] pci 0000:00:02.0: vgaarb: bridge control possible
[    0.840008] vgaarb: loaded
[    0.844335] ACPI: bus type USB registered
[    0.848123] usbcore: registered new interface driver usbfs
[    0.852266] usbcore: registered new interface driver hub
[    0.856093] usbcore: registered new device driver usb
[    0.860736] EDAC MC: Ver: 3.0.0
[    0.873372] PCI: Using ACPI for IRQ routing
[    0.878795] NetLabel: Initializing
[    0.880010] NetLabel:  domain hash size = 128
[    0.884010] NetLabel:  protocols = UNLABELED CIPSOv4 CALIPSO
[    0.888072] NetLabel:  unlabeled traffic allowed by default
[    0.896850] clocksource: Switched to clocksource kvm-clock
[    0.944302] VFS: Disk quotas dquot_6.6.0
[    0.944302] VFS: Dquot-cache hash table entries: 512 (order 0, 4096 bytes)
[    0.944302] AppArmor: AppArmor Filesystem Enabled
[    0.944302] pnp: PnP ACPI init
[    0.944302] pnp: PnP ACPI: found 3 devices
[    1.247172] clocksource: acpi_pm: mask: 0xffffff max_cycles: 0xffffff, max_idle_ns: 2085701024 ns
[    1.272717] NET: Registered protocol family 2
[    1.287809] IP idents hash table entries: 16384 (order: 5, 131072 bytes)
[    1.311794] TCP established hash table entries: 8192 (order: 4, 65536 bytes)
[    1.333356] TCP bind hash table entries: 8192 (order: 5, 131072 bytes)
[    1.336371] TCP: Hash tables configured (established 8192 bind 8192)
[    1.336371] UDP hash table entries: 512 (order: 2, 16384 bytes)
[    1.336371] UDP-Lite hash table entries: 512 (order: 2, 16384 bytes)
[    1.336371] NET: Registered protocol family 1
[    1.336371] pci 0000:00:00.0: Limiting direct PCI/PCI transfers
[    1.336371] pci 0000:00:01.0: Activating ISA DMA hang workarounds
[    1.336371] pci 0000:00:02.0: Video device with shadowed ROM at [mem 0x000c0000-0x000dffff]
[    1.336371] Unpacking initramfs...
[    1.760482] Freeing initrd memory: 20388K
[    3.247115] clocksource: tsc: mask: 0xffffffffffffffff max_cycles: 0x15964b427ec, max_idle_ns: 440795245938 ns
[    3.282168] platform rtc_cmos: registered platform RTC device (no PNP device found)
[    3.310204] Scanning for low memory corruption every 60 seconds
[    3.339074] Initialise system trusted keyrings
[    3.356990] Key type blacklist registered
[    3.373599] workingset: timestamp_bits=36 max_order=18 bucket_order=0
[    3.406436] zbud: loaded
[    3.420670] squashfs: version 4.0 (2009/01/31) Phillip Lougher
[    3.442491] fuse init (API version 7.26)
[    3.537011] Key type asymmetric registered
[    3.550961] Asymmetric key parser 'x509' registered
[    3.568060] Block layer SCSI generic (bsg) driver version 0.4 loaded (major 246)
[    3.596992] io scheduler noop registered
[    3.611133] io scheduler deadline registered
[    3.628169] io scheduler cfq registered (default)
[    3.649423] ACPI: AC Adapter [AC] (off-line)
[    3.664874] input: Power Button as /devices/LNXSYSTM:00/LNXPWRBN:00/input/input0
[    3.694354] ACPI: Power Button [PWRF]
[    3.710450] input: Sleep Button as /devices/LNXSYSTM:00/LNXSLPBN:00/input/input1
[    3.738010] ACPI: Sleep Button [SLPF]
[    3.758152] Serial: 8250/16550 driver, 32 ports, IRQ sharing enabled
[    3.760133] ACPI: Battery Slot [BAT0] (battery present)
[    3.866223] 00:02: ttyS0 at I/O 0x3f8 (irq = 4, base_baud = 115200) is a 16550A
[    3.899974] Linux agpgart interface v0.103
[    3.922310] loop: module loaded
[    3.945240] scsi host0: ata_piix
[    3.962916] scsi host1: ata_piix
[    3.975467] ata1: PATA max UDMA/33 cmd 0x1f0 ctl 0x3f6 bmdma 0xd000 irq 14
[    3.996464] ata2: PATA max UDMA/33 cmd 0x170 ctl 0x376 bmdma 0xd008 irq 15
[    4.018827] tun: Universal TUN/TAP device driver, 1.6
[    4.039395] PPP generic driver version 2.4.2
[    4.054204] ehci_hcd: USB 2.0 'Enhanced' Host Controller (EHCI) Driver
[    4.075030] ehci-pci: EHCI PCI platform driver
[    4.090374] ehci-platform: EHCI generic platform driver
[    4.107264] ohci_hcd: USB 1.1 'Open' Host Controller (OHCI) Driver
[    4.126751] ohci-pci: OHCI PCI platform driver
[    4.141096] ohci-platform: OHCI generic platform driver
[    4.158523] uhci_hcd: USB Universal Host Controller Interface driver
[    4.180536] i8042: PNP: PS/2 Controller [PNP0303:PS2K,PNP0f03:PS2M] at 0x60,0x64 irq 1,12
[    4.335834] serio: i8042 KBD port at 0x60,0x64 irq 1
[    4.348395] serio: i8042 AUX port at 0x60,0x64 irq 12
[    4.365833] mousedev: PS/2 mouse device common for all mice
[    4.393170] input: AT Translated Set 2 keyboard as /devices/platform/i8042/serio0/input/input2
[    4.427374] rtc_cmos rtc_cmos: rtc core: registered rtc_cmos as rtc0
[    4.457110] rtc_cmos rtc_cmos: alarms up to one day, 114 bytes nvram
[    4.460945] i2c /dev entries driver
[    4.460945] device-mapper: uevent: version 1.0.3
[    4.495720] device-mapper: ioctl: 4.37.0-ioctl (2017-09-20) initialised: dm-devel@redhat.com
[    4.528708] ledtrig-cpu: registered to indicate activity on CPUs
[    4.562307] NET: Registered protocol family 10
[    4.614540] Segment Routing with IPv6
[    4.632697] NET: Registered protocol family 17
[    4.657132] Key type dns_resolver registered
[    4.670819] mce: Using 0 MCE banks
[    4.678630] RAS: Correctable Errors collector initialized.
[    4.697449] sched_clock: Marking stable (4697380204, 0)->(8163024624, -3465644420)
[    4.739846] registered taskstats version 1
[    4.755501] Loading compiled-in X.509 certificates
[    4.786538] Loaded X.509 cert 'Build time autogenerated kernel key: b9e621348ccbcfe28d0c51e4c3b595dc856bdd44'
[    4.819458] Loaded X.509 cert 'Canonical Ltd. Live Patch Signing: 14df34d1a87cf37625abec039ef2bf521249b969'
[    4.854799] Loaded X.509 cert 'Canonical Ltd. Kernel Module Signing: 88f752e560a1e0737e31163a466ad7b70a850c19'
[    4.888881] blacklist: Loading compiled-in revocation X.509 certificates
[    4.913690] Loaded X.509 cert 'Canonical Ltd. Secure Boot Signing: 61482aa2830d0ab2ad5af10b7250da9033ddcef0'
[    4.944593] zswap: loaded using pool lzo/zbud
[    4.993979] Key type big_key registered
[    5.007963] Key type trusted registered
[    5.035705] Key type encrypted registered
[    5.050392] AppArmor: AppArmor sha1 policy hashing enabled
[    5.069928] ima: No TPM chip found, activating TPM-bypass! (rc=-19)
[    5.091944] ima: Allocated hash algorithm: sha1
[    5.108938] evm: HMAC attrs: 0x1
[    5.118891]   Magic number: 14:772:503
[    5.135447] rtc_cmos rtc_cmos: setting system clock to 2022-11-05 23:27:25 UTC (1667690845)
[    5.166174] BIOS EDD facility v0.16 2004-Jun-25, 0 devices found
[    5.187127] EDD information not available.
[    5.214439] Freeing unused kernel image memory: 2468K
[    5.248669] Write protecting the kernel read-only data: 20480k
[    5.275418] Freeing unused kernel image memory: 2008K
[    5.291989] Freeing unused kernel image memory: 1820K
[    5.325729] x86/mm: Checked W+X mappings: passed, no W+X pages found.
Loading, please wait...
starting version 237
[    5.737024] Fusion MPT base driver 3.04.20
[    5.757110] Copyright (c) 1999-2008 LSI Corporation
[    5.800916] e1000: Intel(R) PRO/1000 Network Driver - version 7.3.21-k8-NAPI
[    5.828525] e1000: Copyright (c) 1999-2006 Intel Corporation.
[    5.930667] Fusion MPT SPI Host driver 3.04.20
[    6.229877] input: ImExPS/2 Generic Explorer Mouse as /devices/platform/i8042/serio1/input/input4
[    7.646002] e1000 0000:00:03.0 eth0: (PCI:33MHz:32-bit) 02:dd:70:87:b9:65
[    7.673644] e1000 0000:00:03.0 eth0: Intel(R) PRO/1000 Network Connection
[    7.697301] e1000 0000:00:03.0 enp0s3: renamed from eth0
[    7.699860] mptbase: ioc0: Initiating bringup
[    8.174528] ioc0: LSI53C1030 A0: Capabilities={Initiator}
[    8.589002] scsi host2: ioc0: LSI53C1030 A0, FwRev=00000000h, Ports=1, MaxQ=256, IRQ=20
[    8.816419] scsi 2:0:0:0: Direct-Access     VBOX     HARDDISK         1.0  PQ: 0 ANSI: 5
[    9.449209] scsi target2:0:0: Beginning Domain Validation
[    9.486812] scsi target2:0:0: Domain Validation skipping write tests
[    9.503716] scsi target2:0:0: Ending Domain Validation
[    9.518460] scsi target2:0:0: asynchronous
[    9.531811] random: fast init done
[    9.544661] scsi 2:0:1:0: Direct-Access     VBOX     HARDDISK         1.0  PQ: 0 ANSI: 5
[   10.204689] scsi target2:0:1: Beginning Domain Validation
[   10.240959] scsi target2:0:1: Domain Validation skipping write tests
[   10.257570] scsi target2:0:1: Ending Domain Validation
[   10.272463] scsi target2:0:1: asynchronous
[   10.333296] random: systemd-udevd: uninitialized urandom read (16 bytes read)
[   10.342449] sd 2:0:0:0: [sda] 83886080 512-byte logical blocks: (42.9 GB/40.0 GiB)
[   10.366608] random: systemd-udevd: uninitialized urandom read (16 bytes read)
[   10.397623] sd 2:0:0:0: Attached scsi generic sg0 type 0
[   10.424589] random: systemd-udevd: uninitialized urandom read (16 bytes read)
[   10.448629] sd 2:0:0:0: [sda] Write Protect is off
[   10.471497] sd 2:0:1:0: Attached scsi generic sg1 type 0
[   10.515237] sd 2:0:0:0: [sda] Incomplete mode parameter data
[   10.516779] sd 2:0:1:0: [sdb] 20480 512-byte logical blocks: (10.5 MB/10.0 MiB)
[   10.533706] sd 2:0:0:0: [sda] Assuming drive cache: write through
[   10.597017] sd 2:0:1:0: [sdb] Write Protect is off
[   10.623141] sd 2:0:1:0: [sdb] Incomplete mode parameter data
[   10.649514] sd 2:0:1:0: [sdb] Assuming drive cache: write through
[   10.711179]  sda: sda1
[   10.735047] sd 2:0:0:0: [sda] Attached SCSI disk
[   10.737282] sd 2:0:1:0: [sdb] Attached SCSI disk
Begin: Loading essential drivers ... [   71.203401] raid6: sse2x1   gen() 4929863 MB/s
[   71.276373] raid6: sse2x1   xor()  3291 MB/s
[   71.349242] raid6: sse2x2   gen()  5212 MB/s
[   72.214931] raid6: sse2x2   xor() 68058 MB/s
[   72.282698] raid6: sse2x4   gen()  3706 MB/s
[   72.370377] raid6: sse2x4   xor()  3750 MB/s
[   72.387302] raid6: using algorithm sse2x1 gen() 4929863 MB/s
[   72.408032] raid6: .... xor() 3291 MB/s, rmw enabled
[   72.427392] raid6: using ssse3x2 recovery algorithm
[   72.458681] xor: measuring software checksum speed
[   72.513360]    prefetch64-sse:  6140.000 MB/sec
[   72.564938]    generic_sse:  5201.000 MB/sec
[   72.579490] xor: using function: prefetch64-sse (6140.000 MB/sec)
[   72.609477] async_tx: api initialized (async)
done.
Begin: Running /scripts/init-premount ... done.
Begin: Mounting root file system ... Begin: Running /scripts/local-top ... done.
Begin: Running /scripts/local-premount ... [   72.865602] Btrfs loaded, crc32c=crc32c-intel
Scanning for Btrfs filesystems
done.
Begin: Will now check root file system ... fsck from util-linux 2.31.1
[/sbin/fsck.ext4 (1) -- /dev/sda1] fsck.ext4 -a -C0 /dev/sda1 
cloudimg-rootfs: recovering journal
cloudimg-rootfs: Clearing orphaned inode 256888 (uid=0, gid=0, mode=0100666, size=0)
cloudimg-rootfs: Clearing orphaned inode 2193 (uid=111, gid=117, mode=0100600, size=0)
cloudimg-rootfs: Clearing orphaned inode 2186 (uid=111, gid=117, mode=0100600, size=0)
cloudimg-rootfs: Clearing orphaned inode 2110 (uid=111, gid=117, mode=0100600, size=0)
cloudimg-rootfs: Clearing orphaned inode 2061 (uid=111, gid=117, mode=0100600, size=0)
cloudimg-rootfs: Clearing orphaned inode 102 (uid=111, gid=117, mode=0100600, size=0)
cloudimg-rootfs: clean, 108030/5120000 files, 860774/10485499 blocks
done.
[   73.582789] EXT4-fs (sda1): mounted filesystem with ordered data mode. Opts: (null)
done.
Begin: Running /scripts/local-bottom ... done.
Begin: Running /scripts/init-bottom ... done.
[   74.413388] ip_tables: (C) 2000-2006 Netfilter Core Team
[   74.505080] systemd[1]: systemd 237 running in system mode. (+PAM +AUDIT +SELINUX +IMA +APPARMOR +SMACK +SYSVINIT +UTMP +LIBCRYPTSETUP +GCRYPT +GNUTLS +ACL +XZ +LZ4 +SECCOMP +BLKID +ELFUTILS +KMOD -IDN2 +IDN -PCRE2 default-hierarchy=hybrid)
[   74.536124] systemd[1]: Detected virtualization oracle.
[   74.551767] systemd[1]: Detected architecture x86-64.

Welcome to [1mUbuntu 18.04.6 LTS[0m!

[   74.672568] systemd[1]: Set hostname to <ubuntu-bionic>.
[   75.290098] random: crng init done
[   75.302843] random: 7 urandom warning(s) missed due to ratelimiting
[   75.979414] systemd[1]: Set up automount Arbitrary Executable File Formats File System Automount Point.
[[0;32m  OK  [0m] Set up automount Arbitrary Executab…rmats File System Automount Point.
[   76.017327] systemd[1]: Reached target User and Group Name Lookups.
[[0;32m  OK  [0m] Reached target User and Group Name Lookups.
[   76.085520] systemd[1]: Created slice System Slice.
[[0;32m  OK  [0m] Created slice System Slice.
[   76.113686] systemd[1]: Listening on udev Control Socket.
[[0;32m  OK  [0m] Listening on udev Control Socket.
[   76.139459] systemd[1]: Listening on Device-mapper event daemon FIFOs.
[[0;32m  OK  [0m] Listening on Device-mapper event daemon FIFOs.
[   76.173161] systemd[1]: Listening on udev Kernel Socket.
[[0;32m  OK  [0m] Listening on udev Kernel Socket.
[[0;32m  OK  [0m] Listening on Journal Audit Socket.
[[0;32m  OK  [0m] Listening on fsck to fsckd communication Socket.
[[0;32m  OK  [0m] Listening on Syslog Socket.
[[0;32m  OK  [0m] Created slice User and Session Slice.
[[0;32m  OK  [0m] Reached target Slices.
[[0;32m  OK  [0m] Listening on LVM2 poll daemon socket.
[[0;32m  OK  [0m] Reached target System Time Synchronized.
[[0;32m  OK  [0m] Listening on Journal Socket (/dev/log).
[[0;32m  OK  [0m] Reached target Swap.
[[0;32m  OK  [0m] Listening on Network Service Netlink Socket.
[[0;32m  OK  [0m] Created slice system-serial\x2dgetty.slice.
[[0;32m  OK  [0m] Listening on /dev/initctl Compatibility Named Pipe.
[[0;32m  OK  [0m] Started Forward Password Requests to Wall Directory Watch.
[[0;32m  OK  [0m] Listening on Journal Socket.
         Starting Create list of required st…ce nodes for the current kernel...
         Mounting Huge Pages File System...
         Starting Uncomplicated firewall...
         Starting udev Coldplug all Devices...
         Starting Load Kernel Modules...
         Starting Remount Root and Kernel File Systems...
         Starting Set the console keyboard layout...
         Mounting POSIX Message Queue File System...
[[0;32m  OK  [0m] Listening on LVM2 metadata daemon socket.
[   76.471408] EXT4-fs (sda1): re-mounted. Opts: (null)
         Mounting Kernel Debug File System...
         Starting Journal Service...
         Starting Monitoring of LVM2 mirrors…ng dmeventd or progress polling...
[[0;32m  OK  [0m] Started Create list of required sta…vice nodes for the current kernel.
[[0;32m  OK  [0m[   76.668151] Loading iSCSI transport class v2.0-870.
] Mounted Huge Pages File System.
[[0;32m  OK  [0m] Started Uncomplicated firewall.
[[0;32m  OK  [0m] Started Remount Root and Kernel File Systems.
[[0;32m  OK  [0m] Mounted POSIX Message Queue File System.
[[0;32m  OK  [0m] Mounted Kernel Debug File System.
         Starting Load/Save Random Seed...
         Starting Create Static Device Nodes in /dev...[   76.901922] iscsi: registered transport (tcp)

[[0;32m  OK  [0m] Started Load/Save Random Seed.
[[0;32m  OK  [0m] Started LVM2 metadata daemon.
[[0;32m  OK  [0m] Started udev Coldplug all Devices.
[[0;32m  OK  [0m] Started Create Static Device Nodes in /dev.
         Starting udev Kernel Device Manager...
[[0;32m  OK  [0m] Started Monitoring of LVM2 mirrors,…sing dmeventd or progress polling.
[[0;32m  OK  [0m] Started Journal Service.
         Starting Flush Journal to Persistent Storage...[   77.347259] iscsi: registered transport (iser)

[[0;32m  OK  [0m] Started Load Kernel Modules.
         Mounting FUSE Control File System...
         Starting Apply Kernel Variables...
         Mounting Kernel Configuration File System...
[[0;32m  OK  [0m] Mounted FUSE Control File System.
[[0;32m  OK  [0m] Started udev Kernel Device Manager.
[[0;32m  OK  [0m] Mounted Kernel Configuration File System.
[[0;32m  OK  [0m] Started Apply Kernel Variables.
[[0;32m  OK  [0m] Started Set the console keyboard layout.
[[0;32m  OK  [0m] Started Dispatch Password Requests to Console Directory Watch.
[[0;32m  OK  [0m] Reached target Local Encrypted Volumes.
[[0;32m  OK  [0m] Reached target Local File Systems (Pre).
[[0;32m  OK  [0m] Reached target Local File Systems.
         Starting Set console font and keymap...
         Starting Tell Plymouth To Write Out Runtime Data...
         Starting ebtables ruleset management...
         Starting AppArmor initialization...
[[0;32m  OK  [0m] Started Set console font and keymap.
[[0;32m  OK  [0m] Started Tell Plymouth To Write Out Runtime Data.
[[0;32m  OK  [0m] Started Flush Journal to Persistent Storage.
         Starting Create Volatile Files and Directories...
[[0;32m  OK  [0m] Started Create Volatile Files and Directories.
[[0;32m  OK  [0m] Started ebtables ruleset management.
         Starting Update UTMP about System Boot/Shutdown...
[[0;32m  OK  [0m] Started Update UTMP about System Boot/Shutdown.
[[0;32m  OK  [0m] Found device /dev/ttyS0.
[[0;32m  OK  [0m] Started AppArmor initialization.
         Starting Initial cloud-init job (pre-networking)...
         Starting Load AppArmor profiles managed internally by snapd...
[[0;32m  OK  [0m] Started Load AppArmor profiles managed internally by snapd.
[[0;32m  OK  [0m] Listening on Load/Save RF Kill Switch Status /dev/rfkill Watch.
[   85.015400] cloud-init[534]: Cloud-init v. 22.2-0ubuntu1~18.04.3 running 'init-local' at Sat, 05 Nov 2022 23:28:44 +0000. Up 84.32 seconds.
[[0;32m  OK  [0m] Started Initial cloud-init job (pre-networking).
[[0;32m  OK  [0m] Reached target Network (Pre).
         Starting Network Service...
[[0;32m  OK  [0m] Started Network Service.
         Starting Network Name Resolution...
         Starting Wait for Network to be Configured...
[[0;32m  OK  [0m] Started Network Name Resolution.
[[0;32m  OK  [0m] Reached target Host and Network Name Lookups.
[[0;32m  OK  [0m] Reached target Network.
[[0;32m  OK  [0m] Started Wait for Network to be Configured.
         Starting Initial cloud-init job (metadata service crawler)...
[   88.948161] cloud-init[667]: Cloud-init v. 22.2-0ubuntu1~18.04.3 running 'init' at Sat, 05 Nov 2022 23:28:48 +0000. Up 88.37 seconds.
[   88.967682] cloud-init[667]: ci-info: ++++++++++++++++++++++++++++++++++++++Net device info++++++++++++++++++++++++++++++++++++++
[   88.990594] cloud-init[667]: ci-info: +--------+------+----------------------------+---------------+--------+-------------------+
[   89.015044] cloud-init[667]: ci-info: | Device |  Up  |          Address           |      Mask     | Scope  |     Hw-Address    |
[   89.033118] cloud-init[667]: ci-info: +--------+------+----------------------------+---------------+--------+-------------------+
[   89.048697] cloud-init[667]: ci-info: | enp0s3 | True |         10.0.2.15          | 255.255.255.0 | global | 02:dd:70:87:b9:65 |
[   89.057245] cloud-init[667]: ci-info: | enp0s3 | True | fe80::dd:70ff:fe87:b965/64 |       .       |  link  | 02:dd:70:87:b9:65 |
[   89.067214] cloud-init[667]: ci-info: |   lo   | True |         127.0.0.1          |   255.0.0.0   |  host  |         .         |
[   89.077264] cloud-init[667]: ci-info: |   lo   | True |          ::1/128           |       .       |  host  |         .         |
[   89.090865] cloud-init[667]: ci-info: +--------+------+----------------------------+---------------+--------+-------------------+
[   89.106628] cloud-init[667]: ci-info: ++++++++++++++++++++++++++++Route IPv4 info+++++++++++++++++++++++++++++
[   89.116874] cloud-init[667]: ci-info: +-------+-------------+----------+-----------------+-----------+-------+
[   89.124043] cloud-init[667]: ci-info: | Route | Destination | Gateway  |     Genmask     | Interface | Flags |
[   89.138501] cloud-init[667]: ci-info: +-------+-------------+----------+-----------------+-----------+-------+
[   89.158457] cloud-init[667]: ci-info: |   0   |   0.0.0.0   | 10.0.2.2 |     0.0.0.0     |   enp0s3  |   UG  |
[   89.178108] cloud-init[667]: ci-info: |   1   |   10.0.2.0  | 0.0.0.0  |  255.255.255.0  |   enp0s3  |   U   |
[   89.194246] cloud-init[667]: ci-info: |   2   |   10.0.2.2  | 0.0.0.0  | 255.255.255.255 |   enp0s3  |   UH  |
[   89.208046] cloud-init[667]: ci-info: +-------+-------------+----------+-----------------+-----------+-------+
[   89.221419] cloud-init[667]: ci-info: +++++++++++++++++++Route IPv6 info+++++++++++++++++++
[   89.234925] cloud-init[667]: ci-info: +-------+-------------+---------+-----------+-------+
[   89.245364] cloud-init[667]: ci-info: | Route | Destination | Gateway | Interface | Flags |
[   89.261471] cloud-init[667]: ci-info: +-------+-------------+---------+-----------+-------+
[   89.274283] cloud-init[667]: ci-info: |   1   |  fe80::/64  |    ::   |   enp0s3  |   U   |
[   89.289437] cloud-init[667]: ci-info: |   3   |    local    |    ::   |   enp0s3  |   U   |
[   89.301758] cloud-init[667]: ci-info: |   4   |   ff00::/8  |    ::   |   enp0s3  |   U   |
[   89.310746] cloud-init[667]: ci-info: +-------+-------------+---------+-----------+-------+
[[0;32m  OK  [0m] Started Initial cloud-init job (metadata service crawler).
[[0;32m  OK  [0m] Reached target Network is Online.
[[0;32m  OK  [0m] Reached target Remote File Systems (Pre).
         Mounting /vagrant...
         Starting Availability of block devices...
[[0;32m  OK  [0m] Reached target System Initialization.
[[0;32m  OK  [0m] Started Ubuntu Advantage Timer for running repeated jobs.
[[0;32m  OK  [0m] Started Clean PHP session files every 30 mins.
[[0;32m  OK  [0m] Started Daily Cleanup of Temporary Directories.
[[0;32m  OK  [0m] Listening on D-Bus System Message Bus Socket.
[[0;32m  OK  [0m] Started ACPI Events Check.
         Starting Socket activation for snappy daemon.
[[0;32m  OK  [0m] Listening on cloud-init hotplug hook socket.
[[0;32m  OK  [0m] Listening on Open-iSCSI iscsid Socket.
[[0;32m  OK  [0m] Listening on UUID daemon activation socket.
[[0;32m  OK  [0m] Started Daily apt download activities.
[[0;32m  OK  [0m] Started Discard unused blocks once a week.
[[0;32m  OK  [0m] Started Message of the Day.
[[0;32m  OK  [0m] Listening on ACPID Listen Socket.
[[0;32m  OK  [0m] Started Daily apt upgrade and clean activities.
[[0;32m  OK  [0m] Reached target Timers.
[[0;32m  OK  [0m] Reached target Paths.
         Starting LXD - unix socket.
[[0;32m  OK  [0m] Reached target Cloud-config availability.
[[0;32m  OK  [0m] Mounted /vagrant.
[[0;32m  OK  [0m] Started Availability of block devices.
[[0;32m  OK  [0m] Listening on Socket activation for snappy daemon.
[[0;32m  OK  [0m] Listening on LXD - unix socket.
[[0;32m  OK  [0m] Reached target Sockets.
[[0;32m  OK  [0m] Reached target Basic System.
         Starting Login Service...
[[0;32m  OK  [0m] Started Deferred execution scheduler.
         Starting Accounts Service...
         Starting Discard unused blocks...
         Starting LXD - container startup/shutdown...
         Starting Clean php session files...
[[0;32m  OK  [0m] Started irqbalance daemon.
[[0;32m  OK  [0m] Started Regular background program processing daemon.
         Starting OpenBSD Secure Shell server...
         Starting System Logging Service...
         Starting LSB: Record successful boot for GRUB...
         Starting Message of the Day...
         Starting MariaDB 10.1.48 database server...
         Starting Snap Daemon...
[[0;32m  OK  [0m] Started FUSE filesystem for LXC.
         Starting Dispatcher daemon for systemd-networkd...
         Starting Virtualbox guest utils...
[[0;32m  OK  [0m] Started D-Bus System Message Bus.
[[0;32m  OK  [0m] Started Login Service.
[[0;32m  OK  [0m] Started Unattended Upgrades Shutdown.
[[0;32m  OK  [0m] Reached target Remote File Systems.
         Starting Permit User Sessions...
         Starting LSB: automatic crash report generation...
         Starting The Apache HTTP Server...
[[0;32m  OK  [0m] Started System Logging Service.
[[0;32m  OK  [0m] Started Discard unused blocks.
[[0;32m  OK  [0m] Started Permit User Sessions.
         Starting Terminate Plymouth Boot Screen...
         Starting Hold until boot process finishes up...
[[0;32m  OK  [0m] Started Terminate Plymouth Boot Screen.
[[0;32m  OK  [0m] Started Hold until boot process finishes up.
[[0;32m  OK  [0m] Started OpenBSD Secure Shell server.
         Starting Set console scheme...
[[0;32m  OK  [0m] Started Serial Getty on ttyS0.
         Starting Authorization Manager...
[[0;32m  OK  [0m] Started Set console scheme.
[[0;32m  OK  [0m] Created slice system-getty.slice.
[[0;32m  OK  [0m] Started Getty on tty1.
[[0;32m  OK  [0m] Reached target Login Prompts.
[[0;32m  OK  [0m] Started LSB: Record successful boot for GRUB.
[[0;32m  OK  [0m] Started LXD - container startup/shutdown.
[[0;32m  OK  [0m] Started Authorization Manager.
[[0;32m  OK  [0m] Started Accounts Service.
[[0;32m  OK  [0m] Started LSB: automatic crash report generation.
[[0;32m  OK  [0m] Created slice User Slice of vagrant.
         Starting User Manager for UID 1000...
[[0;32m  OK  [0m] Started Session 1 of user vagrant.
[[0;32m  OK  [0m] Started Virtualbox guest utils.
[[0;32m  OK  [0m] Started User Manager for UID 1000.
[[0;32m  OK  [0m] Started Dispatcher daemon for systemd-networkd.
[[0;32m  OK  [0m] Started The Apache HTTP Server.

Ubuntu 18.04.6 LTS ubuntu-bionic ttyS0

ubuntu-bionic login: [  106.160984] cloud-init[1409]: Cloud-init v. 22.2-0ubuntu1~18.04.3 running 'modules:config' at Sat, 05 Nov 2022 23:29:04 +0000. Up 104.59 seconds.
[  110.381973] cloud-init[1518]: Cloud-init v. 22.2-0ubuntu1~18.04.3 running 'modules:final' at Sat, 05 Nov 2022 23:29:10 +0000. Up 109.69 seconds.
[  110.382887] cloud-init[1518]: Cloud-init v. 22.2-0ubuntu1~18.04.3 finished at Sat, 05 Nov 2022 23:29:10 +0000. Datasource DataSourceNoCloud [seed=/dev/sdb][dsmode=net].  Up 110.34 seconds
